P_0^0 computed.
P_{1}^{0} computed.
P_{1}^{0} computed.
P_{1}^{1} computed.
P_{1}^{-1} computed.
P_{2}^{1} computed.
P_{2}^{-1} computed.
P_{2}^{2} computed.
P_{2}^{-2} computed.
P_{3}^{2} computed.
P_{3}^{-2} computed.
P_{3}^{3} computed.
P_{3}^{-3} computed.
P_{2}^{0} computed.
P_{2}^{0} computed.
P_{3}^{0} computed.
P_{3}^{0} computed.
P_{3}^{1} computed.
P_{3}^{-1} computed.
P complete. 
Q_{3}^{3} computed.
Q_{3}^{-3} computed.
before cont_frac: m=0
after cont_frac: m=0
(3,0) index = 12
(2,0) index = 6
(3,0) index = 12
(2,0) index = 6
Q_0^0(2.1) = 0
j=0
Q_0^0(2.1) = 0
Q_0^0(2.1) = 0
Q_0^0(2.1) = 0
Q_0^0(2.1) = 0
j=1
Q_0^0(2.1) = 0
Q_0^0(2.1) = 0
Q_0^0(2.1) = 0
Q_0^0(2.1) = 0
j=2
Q_0^0(2.1) = 0
Q_0^0(2.1) = 0
Q_0^0(2.1) = 0
Q_0^0(2.1) = 0
j=3
Q_0^0(2.1) = 0
Q_0^0(2.1) = 0
Q_0^0(2.1) = 0
Q_0^0(2.1) = 0
j=4
Q_0^0(2.1) = 0
Q_0^0(2.1) = 0
Q_0^0(2.1) = 0
Q_0^0(2.1) = 0
j=5
Q_0^0(2.1) = 0
Q_0^0(2.1) = 0
Q_0^0(2.1) = 0
Q_0^0(2.1) = 0
j=6
Q_0^0(2.1) = 0
Q_0^0(2.1) = 0
Q_0^0(2.1) = 0
Q_0^0(2.1) = 0
j=7
Q_0^0(2.1) = 0
Q_0^0(2.1) = 0
Q_0^0(2.1) = 0
Q_0^0(2.1) = 0
j=8
Q_0^0(2.1) = 0
Q_0^0(2.1) = 0
Q_0^0(2.1) = 0
Q_0^0(2.1) = 0
j=9
Q_0^0(2.1) = 0
Q_0^0(2.1) = 0
Q_0^0(2.1) = 0
Q_0^0(2.1) = 0
Q_{3}^{0} computed.
Q_{2}^{0} computed.
Q_{3}^{0} computed.
Q_{2}^{0} computed.
Q_0^0(2.1) = 0
Q_0^0(2.1) = 0
Q_{1}^{0} computed.
Q_{1}^{0} computed.
Q_0^0(2.1) = 0
Q_0^0(2.1) = 0
Q_{0}^{0} computed.
Q_{0}^{0} computed.
Q_0^0(2.1) = 0.518046
before cont_frac: m=1
after cont_frac: m=1
(3,1) index = 13
(2,1) index = 7
(3,-1) index = 11
(2,-1) index = 5
Q_0^0(2.1) = 0.518046
j=0
Q_0^0(2.1) = 0.518046
Q_0^0(2.1) = 0.518046
Q_0^0(2.1) = 0.518046
Q_0^0(2.1) = 0.518046
j=1
Q_0^0(2.1) = 0.518046
Q_0^0(2.1) = 0.518046
Q_0^0(2.1) = 0.518046
Q_0^0(2.1) = 0.518046
j=2
Q_0^0(2.1) = 0.518046
Q_0^0(2.1) = 0.518046
Q_0^0(2.1) = 0.518046
Q_0^0(2.1) = 0.518046
j=3
Q_0^0(2.1) = 0.518046
Q_0^0(2.1) = 0.518046
Q_0^0(2.1) = 0.518046
Q_0^0(2.1) = 0.518046
j=4
Q_0^0(2.1) = 0.518046
Q_0^0(2.1) = 0.518046
Q_0^0(2.1) = 0.518046
Q_0^0(2.1) = 0.518046
j=5
Q_0^0(2.1) = 0.518046
Q_0^0(2.1) = 0.518046
Q_0^0(2.1) = 0.518046
Q_0^0(2.1) = 0.518046
j=6
Q_0^0(2.1) = 0.518046
Q_0^0(2.1) = 0.518046
Q_0^0(2.1) = 0.518046
Q_0^0(2.1) = 0.518046
j=7
Q_0^0(2.1) = 0.518046
Q_0^0(2.1) = 0.518046
Q_0^0(2.1) = 0.518046
Q_0^0(2.1) = 0.518046
j=8
Q_0^0(2.1) = 0.518046
Q_0^0(2.1) = 0.518046
Q_0^0(2.1) = 0.518046
Q_0^0(2.1) = 0.518046
j=9
Q_0^0(2.1) = 0.518046
Q_0^0(2.1) = 0.518046
Q_0^0(2.1) = 0.518046
Q_0^0(2.1) = 0.518046
Q_{3}^{1} computed.
Q_{2}^{1} computed.
Q_{3}^{-1} computed.
Q_{2}^{-1} computed.
Q_0^0(2.1) = 0.518046
Q_0^0(2.1) = 0.518046
Q_{1}^{1} computed.
Q_{1}^{-1} computed.
Q_0^0(2.1) = 0.518046
before cont_frac: m=2
after cont_frac: m=2
(3,2) index = 14
(2,2) index = 8
(3,-2) index = 10
(2,-2) index = 4
Q_0^0(2.1) = 0.518046
j=0
Q_0^0(2.1) = 0.518046
Q_0^0(2.1) = 0.518046
Q_0^0(2.1) = 0.518046
Q_0^0(2.1) = 0.518046
j=1
Q_0^0(2.1) = 0.518046
Q_0^0(2.1) = 0.518046
Q_0^0(2.1) = 0.518046
Q_0^0(2.1) = 0.518046
j=2
Q_0^0(2.1) = 0.518046
Q_0^0(2.1) = 0.518046
Q_0^0(2.1) = 0.518046
Q_0^0(2.1) = 0.518046
j=3
Q_0^0(2.1) = 0.518046
Q_0^0(2.1) = 0.518046
Q_0^0(2.1) = 0.518046
Q_0^0(2.1) = 0.518046
j=4
Q_0^0(2.1) = 0.518046
Q_0^0(2.1) = 0.518046
Q_0^0(2.1) = 0.518046
Q_0^0(2.1) = 0.518046
j=5
Q_0^0(2.1) = 0.518046
Q_0^0(2.1) = 0.518046
Q_0^0(2.1) = 0.518046
Q_0^0(2.1) = 0.518046
j=6
Q_0^0(2.1) = 0.518046
Q_0^0(2.1) = 0.518046
Q_0^0(2.1) = 0.518046
Q_0^0(2.1) = 0.518046
j=7
Q_0^0(2.1) = 0.518046
Q_0^0(2.1) = 0.518046
Q_0^0(2.1) = 0.518046
Q_0^0(2.1) = 0.518046
j=8
Q_0^0(2.1) = 0.518046
Q_0^0(2.1) = 0.518046
Q_0^0(2.1) = 0.518046
Q_0^0(2.1) = 0.518046
j=9
Q_0^0(2.1) = 0.518046
Q_0^0(2.1) = 0.518046
Q_0^0(2.1) = 0.518046
Q_0^0(2.1) = 0.518046
Q_{3}^{2} computed.
Q_{2}^{2} computed.
Q_{3}^{-2} computed.
Q_{2}^{-2} computed.
Q_0^0(2.1) = 0.518046
Q complete.
Q_0^0(2.1) = 0.518046
computing derivatives now...
n=0
m=0
dP_{0}^{0} computed.
dQ_{0}^{0} computed.
n=1
m=-1
dP_{1}^{-1} computed.
dQ_{1}^{-1} computed.
n=1
m=0
dP_{1}^{0} computed.
dQ_{1}^{0} computed.
n=1
m=1
dP_{1}^{1} computed.
dQ_{1}^{1} computed.
n=2
m=-2
dP_{2}^{-2} computed.
dQ_{2}^{-2} computed.
n=2
m=-1
dP_{2}^{-1} computed.
dQ_{2}^{-1} computed.
n=2
m=0
dP_{2}^{0} computed.
dQ_{2}^{0} computed.
n=2
m=1
dP_{2}^{1} computed.
dQ_{2}^{1} computed.
n=2
m=2
dP_{2}^{2} computed.
dQ_{2}^{2} computed.
